  Appointment.cpp
  AppointmentRepository.cpp
  Doctor.cpp
  DoctorRepository.cpp
C:\Users\Admin\Downloads\Hospital_Management_System_Cpp\Hospital_Management_System_Cpp\Person.h(3,10): warning C4067: unexpected tokens following preprocessor directive - expected a newline
  (compiling source file 'Doctor.cpp')
  
C:\Users\Admin\Downloads\Hospital_Management_System_Cpp\Hospital_Management_System_Cpp\Person.h(3,10): warning C4067: unexpected tokens following preprocessor directive - expected a newline
  (compiling source file 'Doctor.cpp')
  
C:\Users\Admin\Downloads\Hospital_Management_System_Cpp\Hospital_Management_System_Cpp\Person.h(5,7): error C2011: 'Person': 'class' type redefinition
  (compiling source file 'Doctor.cpp')
      C:\Users\Admin\Downloads\Hospital_Management_System_Cpp\Hospital_Management_System_Cpp\Person.h(5,7):
      see declaration of 'Person'
  
C:\Users\Admin\Downloads\Hospital_Management_System_Cpp\Hospital_Management_System_Cpp\Doctor.h(6,23): error C2504: 'Person': base class undefined
  (compiling source file 'Doctor.cpp')
  
C:\Users\Admin\Downloads\Hospital_Management_System_Cpp\Hospital_Management_System_Cpp\Doctor.h(13,102): error C2614: 'Doctor': illegal member initialization: 'Person' is not a base or member
  (compiling source file 'Doctor.cpp')
  
C:\Users\Admin\Downloads\Hospital_Management_System_Cpp\Hospital_Management_System_Cpp\Doctor.cpp(8,9): error C2084: function 'Doctor::Doctor(std::string,int,int,std::string,int,std::string,std::string,int)' already has a body
      C:\Users\Admin\Downloads\Hospital_Management_System_Cpp\Hospital_Management_System_Cpp\Doctor.h(13,2):
      see previous definition of 'Doctor::Doctor'
  
C:\Users\Admin\Downloads\Hospital_Management_System_Cpp\Hospital_Management_System_Cpp\Doctor.cpp(8,109): error C2614: 'Doctor': illegal member initialization: 'Person' is not a base or member
C:\Users\Admin\Downloads\Hospital_Management_System_Cpp\Hospital_Management_System_Cpp\Doctor.cpp(21,17): error C2440: '=': cannot convert from 'std::string' to 'int'
      C:\Users\Admin\Downloads\Hospital_Management_System_Cpp\Hospital_Management_System_Cpp\Doctor.cpp(21,17):
      No user-defined-conversion operator available that can perform this conversion, or the operator cannot be called
  
C:\Users\Admin\Downloads\Hospital_Management_System_Cpp\Hospital_Management_System_Cpp\Doctor.cpp(23,13): error C2761: 'int Doctor::get_exper(void)': redeclaration of member is not allowed
C:\Users\Admin\Downloads\Hospital_Management_System_Cpp\Hospital_Management_System_Cpp\Doctor.cpp(24,14): error C2761: 'void Doctor::Desplay(void)': redeclaration of member is not allowed
  HospitalService.cpp
  Hospital_Management_System_Cpp.cpp
  Patient.cpp
  FileManager.cpp
  PatientRepository.cpp
  Person.cpp
C:\Users\Admin\Downloads\Hospital_Management_System_Cpp\Hospital_Management_System_Cpp\Person.h(3,10): warning C4067: unexpected tokens following preprocessor directive - expected a newline
  (compiling source file 'Person.cpp')
  
  Generating Code...
